###BOTTLING### default.sh
###BOTTLING### Gathering debug Info...

Versions
OS...........................: darwin15
Wine.........................: 1.8.6
WineBottler..................: 1.8.6
Wineticks....................: 20200412-next - sha256sum: fa8ec7ceb127d2cc3d42f889e6a61c622cad8cd013203c5d089a7ee95cb69ba0

Environment
PWD..........................: '/Applications/Wine.app/Contents/Resources/bin'
PATH.........................: /Applications/Wine.app/Contents/Resources/bin:/usr/bin:/bin:/usr/sbin:/sbin
USER.........................: anhquang
HOME.........................: /Users/anhquang
COMPUTERNAME.................: MacBook Pro
BUNDLERESOURCEPATH...........: /Applications/WineBottler.app/Contents/Frameworks/WBottler.framework/Resources
WINEPREFIX...................: /Applications/Wine.app/Contents/Resources
WINEPATH.....................: /Applications/Wine.app/Contents/Resources/bin
LD_LIBRARY_PATH..............: /Applications/Wine.app/Contents/Resources/lib:/opt/X11/lib:/usr/X11/lib
DYLD_FALLBACK_LIBRARY_PATH...: /Applications/Wine.app/Contents/Resources/lib:/usr/lib:/opt/X11/lib:/usr/X11/lib
SILENT.......................: 
http_proxy...................: 
https_proxy..................: 
ftp_proxy....................: 
socks5_proxy.................: 

Bottle
TEMPLATE.....................: 
BOTTLE.......................: /Users/anhquang/Desktop/Untitled.app
INSTALLER_URL................: /Users/anhquang/.wine/drive_c/Program Files/Nanosoft/nanoCAD en 5.0/nCad.exe
INSTALLER_IS_ZIPPED..........: 0
INSTALLER_NAME...............: nCad.exe
INSTALLER_ARGUMENTS..........: 
REMOVE_MONO..................: 
REMOVE_GECKO.................: 
REMOVE_USERS.................: 
REMOVE_INSTALLERS............: 
WINETRICKS_ITEMS.............: win7 
DLL_OVERRIDES................: 
EXECUTABLE_PATH..............: winefile
EXECUTABLE_ARGUMENTS.........: 
EXECUTABLE_VERSION...........: 1.0.0
BUNDLE_COPYRIGHT.............: © Your Company
BUNDLE_IDENTIFIER............: com.yourcompany.yourapp
BUNDLE_CATEGORYTYPE..........: public.app-category.business
SILENT.......................: 

Hardware:

    Hardware Overview:

      Model Name: MacBook Pro
      Model Identifier: MacBookPro9,2
      Processor Name: Intel Core i5
      Processor Speed: 2.5 GHz
      Number of Processors: 1
      Total Number of Cores: 2
      L2 Cache (per Core): 256 KB
      L3 Cache: 3 MB
      Memory: 8 GB
      Boot ROM Version: MBP91.00DA.B00
      SMC Version (system): 2.2f44
      Serial Number (system): C02HPL63DTY3
      Hardware UUID: 4DEB27C0-5F79-5BFC-B302-33CE9469B89C
      Sudden Motion Sensor:
          State: Enabled

###BOTTLING### Create .app...
###BOTTLING### Enabling CoreAudio, Colors, Antialiasing  and flat menus...
wine: created the configuration directory '/Users/anhquang/Desktop/Untitled.app/Contents/Resources/wineprefix'
err:macdrv:process_attach Failed to start Cocoa app main loop
err:macdrv:process_attach Failed to start Cocoa app main loop
err:winediag:nulldrv_CreateWindow Application tried to create a window, but no driver could be loaded.
err:winediag:nulldrv_CreateWindow The explorer process failed to start.
err:winediag:nulldrv_CreateWindow Application tried to create a window, but no driver could be loaded.
err:winediag:nulldrv_CreateWindow The explorer process failed to start.
err:winediag:nulldrv_CreateWindow Application tried to create a window, but no driver could be loaded.
err:winediag:nulldrv_CreateWindow The explorer process failed to start.
err:ole:apartment_createwindowifneeded CreateWindow failed with error 183
err:winediag:nulldrv_CreateWindow Application tried to create a window, but no driver could be loaded.
err:winediag:nulldrv_CreateWindow The explorer process failed to start.
err:ole:apartment_createwindowifneeded CreateWindow failed with error 183
err:ole:apartment_createwindowifneeded CreateWindow failed with error 0
err:ole:apartment_createwindowifneeded CreateWindow failed with error 0
err:ole:marshal_object couldn't get IPSFactory buffer for interface {00000131-0000-0000-c000-000000000046}
err:ole:marshal_object couldn't get IPSFactory buffer for interface {00000131-0000-0000-c000-000000000046}
err:ole:apartment_createwindowifneeded CreateWindow failed with error 14007
err:ole:StdMarshalImpl_MarshalInterface Failed to create ifstub, hres=0x800736b7
err:ole:CoMarshalInterface Failed to marshal the interface {6d5140c1-7436-11ce-8034-00aa006009fa}, 800736b7
err:ole:get_local_server_stream Failed: 800736b7
err:ole:apartment_createwindowifneeded CreateWindow failed with error 14007
err:ole:StdMarshalImpl_MarshalInterface Failed to create ifstub, hres=0x800736b7
err:ole:CoMarshalInterface Failed to marshal the interface {6d5140c1-7436-11ce-8034-00aa006009fa}, 800736b7
err:ole:get_local_server_stream Failed: 800736b7
Task returned with status 15.